Launching lib/main.dart on LE2111 in debug mode...
e: file:///Users/apple/development/sdk/android/app/src/main/kotlin/com/example/sdk/AbleCreditPlugin.kt:209:30 Class '<anonymous>' is not abstract and does not implement abstract member 'onStatusChanged'.
e: file:///Users/apple/development/sdk/android/app/src/main/kotlin/com/example/sdk/AbleCreditPlugin.kt:210:13 'onUploadStarted' overrides nothing.
e: file:///Users/apple/development/sdk/android/app/src/main/kotlin/com/example/sdk/AbleCreditPlugin.kt:214:13 'onUploadProgress' overrides nothing.
e: file:///Users/apple/development/sdk/android/app/src/main/kotlin/com/example/sdk/AbleCreditPlugin.kt:218:13 'onUploadCompleted' overrides nothing.
e: file:///Users/apple/development/sdk/android/app/src/main/kotlin/com/example/sdk/AbleCreditPlugin.kt:222:13 'onUploadFailed' overrides nothing.

FAILURE: Build failed with an exception.

* What went wrong:
Execution failed for task ':app:compileDebugKotlin'.
> A failure occurred while executing org.jetbrains.kotlin.compilerRunner.GradleCompilerRunnerWithWorkers$GradleKotlinCompilerWorkAction
   > Compilation error. See log for more details

* Try:
> Run with --stacktrace option to get the stack trace.
> Run with --info or --debug option to get more log output.
> Run with --scan to get full insights.
> Get more help at https://help.gradle.org.

BUILD FAILED in 2s
Error: Gradle task assembleDebug failed with exit code 1

Exited (1).
